2024-07-31 16:23:53 [ERROR  ] [PID:54100] (app/api/db/users/route.tsx:12:59) : error sdf,hnsdjkfhsdf dsohjfok sdfoidhsjfoishjdfiosdhojkasjn ddkoasj  aojsudoisjudoais oaisjdoansioasd oasjndoasudoa oiasundasoibdv s oaisudbnoasudaiovu oaisudnvoaisubdn oas 
2024-07-31 16:23:53 [WARN   ] [PID:54100] (app/api/db/users/route.tsx:13:59) : warn
2024-07-31 16:23:53 [INFO   ] [PID:54100] (app/api/db/users/route.tsx:14:59) : Info
2024-07-31 16:23:53 [HTTP   ] [PID:54100] (app/api/db/users/route.tsx:15:59) : http
2024-07-31 16:23:53 [VERBOSE] [PID:54100] (app/api/db/users/route.tsx:16:59) : verbose
2024-07-31 16:23:53 [DEBUG  ] [PID:54100] (app/api/db/users/route.tsx:17:59) : debug
2024-07-31 16:23:53 [TRACE  ] [PID:54100] (app/api/db/users/route.tsx:18:59) : trace
2024-07-31 16:23:53 [SYSTEM ] [PID:54100] (app/api/db/users/route.tsx:19:59) : system
2024-07-31 16:23:53 [ERROR  ] [PID:54100] (app/api/db/users/route.tsx:12:59) : error sdf,hnsdjkfhsdf dsohjfok sdfoidhsjfoishjdfiosdhojkasjn ddkoasj  aojsudoisjudoais oaisjdoansioasd oasjndoasudoa oiasundasoibdv s oaisudbnoasudaiovu oaisudnvoaisubdn oas 
2024-07-31 16:23:53 [WARN   ] [PID:54100] (app/api/db/users/route.tsx:13:59) : warn
2024-07-31 16:23:53 [INFO   ] [PID:54100] (app/api/db/users/route.tsx:14:59) : Info
2024-07-31 16:23:53 [HTTP   ] [PID:54100] (app/api/db/users/route.tsx:15:59) : http
2024-07-31 16:23:53 [VERBOSE] [PID:54100] (app/api/db/users/route.tsx:16:59) : verbose
2024-07-31 16:23:53 [DEBUG  ] [PID:54100] (app/api/db/users/route.tsx:17:59) : debug
2024-07-31 16:23:53 [TRACE  ] [PID:54100] (app/api/db/users/route.tsx:18:59) : trace
2024-07-31 16:23:53 [SYSTEM ] [PID:54100] (app/api/db/users/route.tsx:19:59) : system
2024-07-31 16:24:08 [ERROR  ] [PID:54100] (app/api/db/users/route.tsx:12:59) : error sdf,hnsdjkfhsdf dsohjfok sdfoidhsjfoishjdfiosdhojkasjn ddkoasj  aojsudoisjudoais oaisjdoansioasd oasjndoasudoa oiasundasoibdv s oaisudbnoasudaiovu oaisudnvoaisubdn oas 
2024-07-31 16:24:08 [WARN   ] [PID:54100] (app/api/db/users/route.tsx:13:59) : warn
2024-07-31 16:24:08 [INFO   ] [PID:54100] (app/api/db/users/route.tsx:14:59) : Info
2024-07-31 16:24:08 [HTTP   ] [PID:54100] (app/api/db/users/route.tsx:15:59) : http
2024-07-31 16:24:08 [VERBOSE] [PID:54100] (app/api/db/users/route.tsx:16:59) : verbose
2024-07-31 16:24:08 [DEBUG  ] [PID:54100] (app/api/db/users/route.tsx:17:59) : debug
2024-07-31 16:24:08 [TRACE  ] [PID:54100] (app/api/db/users/route.tsx:18:59) : trace
2024-07-31 16:24:08 [SYSTEM ] [PID:54100] (app/api/db/users/route.tsx:19:59) : system
2024-07-31 16:24:08 [ERROR  ] [PID:54100] (app/api/db/users/route.tsx:12:59) : error sdf,hnsdjkfhsdf dsohjfok sdfoidhsjfoishjdfiosdhojkasjn ddkoasj  aojsudoisjudoais oaisjdoansioasd oasjndoasudoa oiasundasoibdv s oaisudbnoasudaiovu oaisudnvoaisubdn oas 
2024-07-31 16:24:08 [WARN   ] [PID:54100] (app/api/db/users/route.tsx:13:59) : warn
2024-07-31 16:24:08 [INFO   ] [PID:54100] (app/api/db/users/route.tsx:14:59) : Info
2024-07-31 16:24:08 [HTTP   ] [PID:54100] (app/api/db/users/route.tsx:15:59) : http
2024-07-31 16:24:08 [VERBOSE] [PID:54100] (app/api/db/users/route.tsx:16:59) : verbose
2024-07-31 16:24:08 [DEBUG  ] [PID:54100] (app/api/db/users/route.tsx:17:59) : debug
2024-07-31 16:24:08 [TRACE  ] [PID:54100] (app/api/db/users/route.tsx:18:59) : trace
2024-07-31 16:24:08 [SYSTEM ] [PID:54100] (app/api/db/users/route.tsx:19:59) : system
{"level":"error","message":"error sdf,hnsdjkfhsdf dsohjfok sdfoidhsjfoishjdfiosdhojkasjn ddkoasj  aojsudoisjudoais oaisjdoansioasd oasjndoasudoa oiasundasoibdv s oaisudbnoasudaiovu oaisudnvoaisubdn oas "}
{"level":"warn","message":"warn"}
{"level":"info","message":"Info"}
{"level":"http","message":"http"}
{"level":"verbose","message":"verbose"}
{"level":"debug","message":"debug"}
{"level":"trace","message":"trace"}
{"level":"system","message":"system"}
{"level":"error","message":"error sdf,hnsdjkfhsdf dsohjfok sdfoidhsjfoishjdfiosdhojkasjn ddkoasj  aojsudoisjudoais oaisjdoansioasd oasjndoasudoa oiasundasoibdv s oaisudbnoasudaiovu oaisudnvoaisubdn oas "}
{"level":"warn","message":"warn"}
{"level":"info","message":"Info"}
{"level":"http","message":"http"}
{"level":"verbose","message":"verbose"}
{"level":"debug","message":"debug"}
{"level":"trace","message":"trace"}
{"level":"system","message":"system"}
{"level":"error","message":"{\"timestamp\":\"2024-07-31 16:26:02\",\"level\":\"ERROR  \",\"message\":\"error sdf,hnsdjkfhsdf dsohjfok sdfoidhsjfoishjdfiosdhojkasjn ddkoasj  aojsudoisjudoais oaisjdoansioasd oasjndoasudoa oiasundasoibdv s oaisudbnoasudaiovu oaisudnvoaisubdn oas \",\"pid\":54100,\"caller\":\"Unknown\"}","metadata":{},"timestamp":"2024-07-31 16:26:02"}
{"level":"warn","message":"{\"timestamp\":\"2024-07-31 16:26:02\",\"level\":\"WARN   \",\"message\":\"warn\",\"pid\":54100,\"caller\":\"Unknown\"}","metadata":{},"timestamp":"2024-07-31 16:26:02"}
{"level":"info","message":"{\"timestamp\":\"2024-07-31 16:26:02\",\"level\":\"INFO   \",\"message\":\"Info\",\"pid\":54100,\"caller\":\"Unknown\"}","metadata":{},"timestamp":"2024-07-31 16:26:02"}
{"level":"http","message":"{\"timestamp\":\"2024-07-31 16:26:02\",\"level\":\"HTTP   \",\"message\":\"http\",\"pid\":54100,\"caller\":\"Unknown\"}","metadata":{},"timestamp":"2024-07-31 16:26:02"}
{"level":"verbose","message":"{\"timestamp\":\"2024-07-31 16:26:02\",\"level\":\"VERBOSE\",\"message\":\"verbose\",\"pid\":54100,\"caller\":\"Unknown\"}","metadata":{},"timestamp":"2024-07-31 16:26:02"}
{"level":"debug","message":"{\"timestamp\":\"2024-07-31 16:26:02\",\"level\":\"DEBUG  \",\"message\":\"debug\",\"pid\":54100,\"caller\":\"Unknown\"}","metadata":{},"timestamp":"2024-07-31 16:26:02"}
{"level":"trace","message":"{\"timestamp\":\"2024-07-31 16:26:02\",\"level\":\"TRACE  \",\"message\":\"trace\",\"pid\":54100,\"caller\":\"Unknown\"}","metadata":{},"timestamp":"2024-07-31 16:26:02"}
{"level":"system","message":"{\"timestamp\":\"2024-07-31 16:26:02\",\"level\":\"SYSTEM \",\"message\":\"system\",\"pid\":54100,\"caller\":\"Unknown\"}","metadata":{},"timestamp":"2024-07-31 16:26:02"}
{"level":"error","message":"{\"timestamp\":\"2024-07-31 16:26:02\",\"level\":\"ERROR  \",\"message\":\"error sdf,hnsdjkfhsdf dsohjfok sdfoidhsjfoishjdfiosdhojkasjn ddkoasj  aojsudoisjudoais oaisjdoansioasd oasjndoasudoa oiasundasoibdv s oaisudbnoasudaiovu oaisudnvoaisubdn oas \",\"pid\":54100,\"caller\":\"Unknown\"}","metadata":{},"timestamp":"2024-07-31 16:26:02"}
{"level":"warn","message":"{\"timestamp\":\"2024-07-31 16:26:02\",\"level\":\"WARN   \",\"message\":\"warn\",\"pid\":54100,\"caller\":\"Unknown\"}","metadata":{},"timestamp":"2024-07-31 16:26:02"}
{"level":"info","message":"{\"timestamp\":\"2024-07-31 16:26:02\",\"level\":\"INFO   \",\"message\":\"Info\",\"pid\":54100,\"caller\":\"Unknown\"}","metadata":{},"timestamp":"2024-07-31 16:26:02"}
{"level":"http","message":"{\"timestamp\":\"2024-07-31 16:26:02\",\"level\":\"HTTP   \",\"message\":\"http\",\"pid\":54100,\"caller\":\"Unknown\"}","metadata":{},"timestamp":"2024-07-31 16:26:02"}
{"level":"verbose","message":"{\"timestamp\":\"2024-07-31 16:26:02\",\"level\":\"VERBOSE\",\"message\":\"verbose\",\"pid\":54100,\"caller\":\"Unknown\"}","metadata":{},"timestamp":"2024-07-31 16:26:02"}
{"level":"debug","message":"{\"timestamp\":\"2024-07-31 16:26:02\",\"level\":\"DEBUG  \",\"message\":\"debug\",\"pid\":54100,\"caller\":\"Unknown\"}","metadata":{},"timestamp":"2024-07-31 16:26:02"}
{"level":"trace","message":"{\"timestamp\":\"2024-07-31 16:26:02\",\"level\":\"TRACE  \",\"message\":\"trace\",\"pid\":54100,\"caller\":\"Unknown\"}","metadata":{},"timestamp":"2024-07-31 16:26:02"}
{"level":"system","message":"{\"timestamp\":\"2024-07-31 16:26:02\",\"level\":\"SYSTEM \",\"message\":\"system\",\"pid\":54100,\"caller\":\"Unknown\"}","metadata":{},"timestamp":"2024-07-31 16:26:02"}
{"level":"error","message":"{\"timestamp\":\"2024-07-31 16:27:48\",\"level\":\"ERROR  \",\"message\":\"error sdf,hnsdjkfhsdf dsohjfok sdfoidhsjfoishjdfiosdhojkasjn ddkoasj  aojsudoisjudoais oaisjdoansioasd oasjndoasudoa oiasundasoibdv s oaisudbnoasudaiovu oaisudnvoaisubdn oas \"}","timestamp":"2024-07-31 16:27:48"}
{"level":"warn","message":"{\"timestamp\":\"2024-07-31 16:27:48\",\"level\":\"WARN   \",\"message\":\"warn\"}","timestamp":"2024-07-31 16:27:48"}
{"level":"info","message":"{\"timestamp\":\"2024-07-31 16:27:48\",\"level\":\"INFO   \",\"message\":\"Info\"}","timestamp":"2024-07-31 16:27:48"}
{"level":"http","message":"{\"timestamp\":\"2024-07-31 16:27:48\",\"level\":\"HTTP   \",\"message\":\"http\"}","timestamp":"2024-07-31 16:27:48"}
{"level":"verbose","message":"{\"timestamp\":\"2024-07-31 16:27:48\",\"level\":\"VERBOSE\",\"message\":\"verbose\"}","timestamp":"2024-07-31 16:27:48"}
{"level":"debug","message":"{\"timestamp\":\"2024-07-31 16:27:48\",\"level\":\"DEBUG  \",\"message\":\"debug\"}","timestamp":"2024-07-31 16:27:48"}
{"level":"trace","message":"{\"timestamp\":\"2024-07-31 16:27:48\",\"level\":\"TRACE  \",\"message\":\"trace\"}","timestamp":"2024-07-31 16:27:48"}
{"level":"system","message":"{\"timestamp\":\"2024-07-31 16:27:48\",\"level\":\"SYSTEM \",\"message\":\"system\"}","timestamp":"2024-07-31 16:27:48"}
{"level":"error","message":"{\"timestamp\":\"2024-07-31 16:27:48\",\"level\":\"ERROR  \",\"message\":\"error sdf,hnsdjkfhsdf dsohjfok sdfoidhsjfoishjdfiosdhojkasjn ddkoasj  aojsudoisjudoais oaisjdoansioasd oasjndoasudoa oiasundasoibdv s oaisudbnoasudaiovu oaisudnvoaisubdn oas \"}","timestamp":"2024-07-31 16:27:48"}
{"level":"warn","message":"{\"timestamp\":\"2024-07-31 16:27:48\",\"level\":\"WARN   \",\"message\":\"warn\"}","timestamp":"2024-07-31 16:27:48"}
{"level":"info","message":"{\"timestamp\":\"2024-07-31 16:27:48\",\"level\":\"INFO   \",\"message\":\"Info\"}","timestamp":"2024-07-31 16:27:48"}
{"level":"http","message":"{\"timestamp\":\"2024-07-31 16:27:48\",\"level\":\"HTTP   \",\"message\":\"http\"}","timestamp":"2024-07-31 16:27:48"}
{"level":"verbose","message":"{\"timestamp\":\"2024-07-31 16:27:48\",\"level\":\"VERBOSE\",\"message\":\"verbose\"}","timestamp":"2024-07-31 16:27:48"}
{"level":"debug","message":"{\"timestamp\":\"2024-07-31 16:27:48\",\"level\":\"DEBUG  \",\"message\":\"debug\"}","timestamp":"2024-07-31 16:27:48"}
{"level":"trace","message":"{\"timestamp\":\"2024-07-31 16:27:48\",\"level\":\"TRACE  \",\"message\":\"trace\"}","timestamp":"2024-07-31 16:27:48"}
{"level":"system","message":"{\"timestamp\":\"2024-07-31 16:27:48\",\"level\":\"SYSTEM \",\"message\":\"system\"}","timestamp":"2024-07-31 16:27:48"}
{"level":"error","message":"{\"timestamp\":\"2024-07-31 16:29:00\",\"message\":\"error sdf,hnsdjkfhsdf dsohjfok sdfoidhsjfoishjdfiosdhojkasjn ddkoasj  aojsudoisjudoais oaisjdoansioasd oasjndoasudoa oiasundasoibdv s oaisudbnoasudaiovu oaisudnvoaisubdn oas \"}","timestamp":"2024-07-31 16:29:00"}
{"level":"warn","message":"{\"timestamp\":\"2024-07-31 16:29:00\",\"message\":\"warn\"}","timestamp":"2024-07-31 16:29:00"}
{"level":"info","message":"{\"timestamp\":\"2024-07-31 16:29:00\",\"message\":\"Info\"}","timestamp":"2024-07-31 16:29:00"}
{"level":"http","message":"{\"timestamp\":\"2024-07-31 16:29:00\",\"message\":\"http\"}","timestamp":"2024-07-31 16:29:00"}
{"level":"verbose","message":"{\"timestamp\":\"2024-07-31 16:29:00\",\"message\":\"verbose\"}","timestamp":"2024-07-31 16:29:00"}
{"level":"debug","message":"{\"timestamp\":\"2024-07-31 16:29:00\",\"message\":\"debug\"}","timestamp":"2024-07-31 16:29:00"}
{"level":"trace","message":"{\"timestamp\":\"2024-07-31 16:29:00\",\"message\":\"trace\"}","timestamp":"2024-07-31 16:29:00"}
{"level":"system","message":"{\"timestamp\":\"2024-07-31 16:29:00\",\"message\":\"system\"}","timestamp":"2024-07-31 16:29:00"}
{"level":"error","message":"{\"timestamp\":\"2024-07-31 16:29:00\",\"message\":\"error sdf,hnsdjkfhsdf dsohjfok sdfoidhsjfoishjdfiosdhojkasjn ddkoasj  aojsudoisjudoais oaisjdoansioasd oasjndoasudoa oiasundasoibdv s oaisudbnoasudaiovu oaisudnvoaisubdn oas \"}","timestamp":"2024-07-31 16:29:00"}
{"level":"warn","message":"{\"timestamp\":\"2024-07-31 16:29:00\",\"message\":\"warn\"}","timestamp":"2024-07-31 16:29:00"}
{"level":"info","message":"{\"timestamp\":\"2024-07-31 16:29:00\",\"message\":\"Info\"}","timestamp":"2024-07-31 16:29:00"}
{"level":"http","message":"{\"timestamp\":\"2024-07-31 16:29:00\",\"message\":\"http\"}","timestamp":"2024-07-31 16:29:00"}
{"level":"verbose","message":"{\"timestamp\":\"2024-07-31 16:29:00\",\"message\":\"verbose\"}","timestamp":"2024-07-31 16:29:00"}
{"level":"debug","message":"{\"timestamp\":\"2024-07-31 16:29:00\",\"message\":\"debug\"}","timestamp":"2024-07-31 16:29:00"}
{"level":"trace","message":"{\"timestamp\":\"2024-07-31 16:29:00\",\"message\":\"trace\"}","timestamp":"2024-07-31 16:29:00"}
{"level":"system","message":"{\"timestamp\":\"2024-07-31 16:29:00\",\"message\":\"system\"}","timestamp":"2024-07-31 16:29:00"}
{"ivan":"ivan","level":"error","message":"{\"timestamp\":\"2024-07-31 16:30:04\",\"message\":\"error sdf,hnsdjkfhsdf dsohjfok sdfoidhsjfoishjdfiosdhojkasjn ddkoasj  aojsudoisjudoais oaisjdoansioasd oasjndoasudoa oiasundasoibdv s oaisudbnoasudaiovu oaisudnvoaisubdn oas \"}","timestamp":"2024-07-31 16:30:04"}
{"ivan":"ivan","level":"warn","message":"{\"timestamp\":\"2024-07-31 16:30:04\",\"message\":\"warn\"}","timestamp":"2024-07-31 16:30:04"}
{"ivan":"ivan","level":"info","message":"{\"timestamp\":\"2024-07-31 16:30:04\",\"message\":\"Info\"}","timestamp":"2024-07-31 16:30:04"}
{"ivan":"ivan","level":"http","message":"{\"timestamp\":\"2024-07-31 16:30:04\",\"message\":\"http\"}","timestamp":"2024-07-31 16:30:04"}
{"ivan":"ivan","level":"verbose","message":"{\"timestamp\":\"2024-07-31 16:30:04\",\"message\":\"verbose\"}","timestamp":"2024-07-31 16:30:04"}
{"ivan":"ivan","level":"debug","message":"{\"timestamp\":\"2024-07-31 16:30:04\",\"message\":\"debug\"}","timestamp":"2024-07-31 16:30:04"}
{"ivan":"ivan","level":"trace","message":"{\"timestamp\":\"2024-07-31 16:30:04\",\"message\":\"trace\"}","timestamp":"2024-07-31 16:30:04"}
{"ivan":"ivan","level":"system","message":"{\"timestamp\":\"2024-07-31 16:30:04\",\"message\":\"system\"}","timestamp":"2024-07-31 16:30:04"}
{"ivan":"ivan","level":"error","message":"{\"timestamp\":\"2024-07-31 16:30:04\",\"message\":\"error sdf,hnsdjkfhsdf dsohjfok sdfoidhsjfoishjdfiosdhojkasjn ddkoasj  aojsudoisjudoais oaisjdoansioasd oasjndoasudoa oiasundasoibdv s oaisudbnoasudaiovu oaisudnvoaisubdn oas \"}","timestamp":"2024-07-31 16:30:04"}
{"ivan":"ivan","level":"warn","message":"{\"timestamp\":\"2024-07-31 16:30:04\",\"message\":\"warn\"}","timestamp":"2024-07-31 16:30:04"}
{"ivan":"ivan","level":"info","message":"{\"timestamp\":\"2024-07-31 16:30:04\",\"message\":\"Info\"}","timestamp":"2024-07-31 16:30:04"}
{"ivan":"ivan","level":"http","message":"{\"timestamp\":\"2024-07-31 16:30:04\",\"message\":\"http\"}","timestamp":"2024-07-31 16:30:04"}
{"ivan":"ivan","level":"verbose","message":"{\"timestamp\":\"2024-07-31 16:30:04\",\"message\":\"verbose\"}","timestamp":"2024-07-31 16:30:04"}
{"ivan":"ivan","level":"debug","message":"{\"timestamp\":\"2024-07-31 16:30:04\",\"message\":\"debug\"}","timestamp":"2024-07-31 16:30:04"}
{"ivan":"ivan","level":"trace","message":"{\"timestamp\":\"2024-07-31 16:30:04\",\"message\":\"trace\"}","timestamp":"2024-07-31 16:30:04"}
{"ivan":"ivan","level":"system","message":"{\"timestamp\":\"2024-07-31 16:30:04\",\"message\":\"system\"}","timestamp":"2024-07-31 16:30:04"}
{"level":"error","message":"error sdf,hnsdjkfhsdf dsohjfok sdfoidhsjfoishjdfiosdhojkasjn ddkoasj  aojsudoisjudoais oaisjdoansioasd oasjndoasudoa oiasundasoibdv s oaisudbnoasudaiovu oaisudnvoaisubdn oas ","meta":"{}","timestamp":"2024-07-31 16:31:19"}
{"level":"warn","message":"warn","meta":"{}","timestamp":"2024-07-31 16:31:19"}
{"level":"info","message":"Info","meta":"{}","timestamp":"2024-07-31 16:31:19"}
{"level":"http","message":"http","meta":"{}","timestamp":"2024-07-31 16:31:19"}
{"level":"verbose","message":"verbose","meta":"{}","timestamp":"2024-07-31 16:31:19"}
{"level":"debug","message":"debug","meta":"{}","timestamp":"2024-07-31 16:31:19"}
{"level":"trace","message":"trace","meta":"{}","timestamp":"2024-07-31 16:31:19"}
{"level":"system","message":"system","meta":"{}","timestamp":"2024-07-31 16:31:19"}
{"level":"error","message":"error sdf,hnsdjkfhsdf dsohjfok sdfoidhsjfoishjdfiosdhojkasjn ddkoasj  aojsudoisjudoais oaisjdoansioasd oasjndoasudoa oiasundasoibdv s oaisudbnoasudaiovu oaisudnvoaisubdn oas ","meta":"{}","timestamp":"2024-07-31 16:31:19"}
{"level":"warn","message":"warn","meta":"{}","timestamp":"2024-07-31 16:31:19"}
{"level":"info","message":"Info","meta":"{}","timestamp":"2024-07-31 16:31:19"}
{"level":"http","message":"http","meta":"{}","timestamp":"2024-07-31 16:31:19"}
{"level":"verbose","message":"verbose","meta":"{}","timestamp":"2024-07-31 16:31:19"}
{"level":"debug","message":"debug","meta":"{}","timestamp":"2024-07-31 16:31:19"}
{"level":"trace","message":"trace","meta":"{}","timestamp":"2024-07-31 16:31:19"}
{"level":"system","message":"system","meta":"{}","timestamp":"2024-07-31 16:31:19"}
{"file":"Unknown","level":"error","message":"error sdf,hnsdjkfhsdf dsohjfok sdfoidhsjfoishjdfiosdhojkasjn ddkoasj  aojsudoisjudoais oaisjdoansioasd oasjndoasudoa oiasundasoibdv s oaisudbnoasudaiovu oaisudnvoaisubdn oas ","meta":"{\"metadata\":{}}","metadata":{},"pid":54100,"timestamp":"2024-07-31 16:33:23"}
{"file":"Unknown","level":"warn","message":"warn","meta":"{\"metadata\":{}}","metadata":{},"pid":54100,"timestamp":"2024-07-31 16:33:23"}
{"file":"Unknown","level":"info","message":"Info","meta":"{\"metadata\":{}}","metadata":{},"pid":54100,"timestamp":"2024-07-31 16:33:23"}
{"file":"Unknown","level":"http","message":"http","meta":"{\"metadata\":{}}","metadata":{},"pid":54100,"timestamp":"2024-07-31 16:33:23"}
{"file":"Unknown","level":"verbose","message":"verbose","meta":"{\"metadata\":{}}","metadata":{},"pid":54100,"timestamp":"2024-07-31 16:33:23"}
{"file":"Unknown","level":"debug","message":"debug","meta":"{\"metadata\":{}}","metadata":{},"pid":54100,"timestamp":"2024-07-31 16:33:23"}
{"file":"Unknown","level":"trace","message":"trace","meta":"{\"metadata\":{}}","metadata":{},"pid":54100,"timestamp":"2024-07-31 16:33:23"}
{"file":"Unknown","level":"system","message":"system","meta":"{\"metadata\":{}}","metadata":{},"pid":54100,"timestamp":"2024-07-31 16:33:23"}
{"file":"Unknown","level":"error","message":"error sdf,hnsdjkfhsdf dsohjfok sdfoidhsjfoishjdfiosdhojkasjn ddkoasj  aojsudoisjudoais oaisjdoansioasd oasjndoasudoa oiasundasoibdv s oaisudbnoasudaiovu oaisudnvoaisubdn oas ","meta":"{\"metadata\":{}}","metadata":{},"pid":54100,"timestamp":"2024-07-31 16:33:23"}
{"file":"Unknown","level":"warn","message":"warn","meta":"{\"metadata\":{}}","metadata":{},"pid":54100,"timestamp":"2024-07-31 16:33:23"}
{"file":"Unknown","level":"info","message":"Info","meta":"{\"metadata\":{}}","metadata":{},"pid":54100,"timestamp":"2024-07-31 16:33:23"}
{"file":"Unknown","level":"http","message":"http","meta":"{\"metadata\":{}}","metadata":{},"pid":54100,"timestamp":"2024-07-31 16:33:23"}
{"file":"Unknown","level":"verbose","message":"verbose","meta":"{\"metadata\":{}}","metadata":{},"pid":54100,"timestamp":"2024-07-31 16:33:23"}
{"file":"Unknown","level":"debug","message":"debug","meta":"{\"metadata\":{}}","metadata":{},"pid":54100,"timestamp":"2024-07-31 16:33:23"}
{"file":"Unknown","level":"trace","message":"trace","meta":"{\"metadata\":{}}","metadata":{},"pid":54100,"timestamp":"2024-07-31 16:33:23"}
{"file":"Unknown","level":"system","message":"system","meta":"{\"metadata\":{}}","metadata":{},"pid":54100,"timestamp":"2024-07-31 16:33:23"}
{"file":"Unknown","level":"error","message":"error sdf,hnsdjkfhsdf dsohjfok sdfoidhsjfoishjdfiosdhojkasjn ddkoasj  aojsudoisjudoais oaisjdoansioasd oasjndoasudoa oiasundasoibdv s oaisudbnoasudaiovu oaisudnvoaisubdn oas ","meta":"{}","pid":54100,"timestamp":"2024-07-31 16:34:55"}
{"file":"Unknown","level":"warn","message":"warn","meta":"{}","pid":54100,"timestamp":"2024-07-31 16:34:55"}
{"file":"Unknown","level":"info","message":"Info","meta":"{}","pid":54100,"timestamp":"2024-07-31 16:34:55"}
{"file":"Unknown","level":"http","message":"http","meta":"{}","pid":54100,"timestamp":"2024-07-31 16:34:55"}
{"file":"Unknown","level":"verbose","message":"verbose","meta":"{}","pid":54100,"timestamp":"2024-07-31 16:34:55"}
{"file":"Unknown","level":"debug","message":"debug","meta":"{}","pid":54100,"timestamp":"2024-07-31 16:34:55"}
{"file":"Unknown","level":"trace","message":"trace","meta":"{}","pid":54100,"timestamp":"2024-07-31 16:34:55"}
{"file":"Unknown","level":"system","message":"system","meta":"{}","pid":54100,"timestamp":"2024-07-31 16:34:55"}
{"file":"Unknown","level":"error","message":"error sdf,hnsdjkfhsdf dsohjfok sdfoidhsjfoishjdfiosdhojkasjn ddkoasj  aojsudoisjudoais oaisjdoansioasd oasjndoasudoa oiasundasoibdv s oaisudbnoasudaiovu oaisudnvoaisubdn oas ","meta":"{}","pid":54100,"timestamp":"2024-07-31 16:34:55"}
{"file":"Unknown","level":"warn","message":"warn","meta":"{}","pid":54100,"timestamp":"2024-07-31 16:34:55"}
{"file":"Unknown","level":"info","message":"Info","meta":"{}","pid":54100,"timestamp":"2024-07-31 16:34:55"}
{"file":"Unknown","level":"http","message":"http","meta":"{}","pid":54100,"timestamp":"2024-07-31 16:34:55"}
{"file":"Unknown","level":"verbose","message":"verbose","meta":"{}","pid":54100,"timestamp":"2024-07-31 16:34:55"}
{"file":"Unknown","level":"debug","message":"debug","meta":"{}","pid":54100,"timestamp":"2024-07-31 16:34:55"}
{"file":"Unknown","level":"trace","message":"trace","meta":"{}","pid":54100,"timestamp":"2024-07-31 16:34:55"}
{"file":"Unknown","level":"system","message":"system","meta":"{}","pid":54100,"timestamp":"2024-07-31 16:34:55"}
2024-07-31 16:35:26 [ERROR  ] [PID:54100] (app/api/db/users/route.tsx:12:59) : error sdf,hnsdjkfhsdf dsohjfok sdfoidhsjfoishjdfiosdhojkasjn ddkoasj  aojsudoisjudoais oaisjdoansioasd oasjndoasudoa oiasundasoibdv s oaisudbnoasudaiovu oaisudnvoaisubdn oas 
2024-07-31 16:35:26 [WARN   ] [PID:54100] (app/api/db/users/route.tsx:13:59) : warn
2024-07-31 16:35:26 [INFO   ] [PID:54100] (app/api/db/users/route.tsx:14:59) : Info
2024-07-31 16:35:26 [HTTP   ] [PID:54100] (app/api/db/users/route.tsx:15:59) : http
2024-07-31 16:35:26 [VERBOSE] [PID:54100] (app/api/db/users/route.tsx:16:59) : verbose
2024-07-31 16:35:26 [DEBUG  ] [PID:54100] (app/api/db/users/route.tsx:17:59) : debug
2024-07-31 16:35:26 [TRACE  ] [PID:54100] (app/api/db/users/route.tsx:18:59) : trace
2024-07-31 16:35:26 [SYSTEM ] [PID:54100] (app/api/db/users/route.tsx:19:59) : system
2024-07-31 16:35:26 [ERROR  ] [PID:54100] (app/api/db/users/route.tsx:12:59) : error sdf,hnsdjkfhsdf dsohjfok sdfoidhsjfoishjdfiosdhojkasjn ddkoasj  aojsudoisjudoais oaisjdoansioasd oasjndoasudoa oiasundasoibdv s oaisudbnoasudaiovu oaisudnvoaisubdn oas 
2024-07-31 16:35:26 [WARN   ] [PID:54100] (app/api/db/users/route.tsx:13:59) : warn
2024-07-31 16:35:26 [INFO   ] [PID:54100] (app/api/db/users/route.tsx:14:59) : Info
2024-07-31 16:35:26 [HTTP   ] [PID:54100] (app/api/db/users/route.tsx:15:59) : http
2024-07-31 16:35:26 [VERBOSE] [PID:54100] (app/api/db/users/route.tsx:16:59) : verbose
2024-07-31 16:35:26 [DEBUG  ] [PID:54100] (app/api/db/users/route.tsx:17:59) : debug
2024-07-31 16:35:26 [TRACE  ] [PID:54100] (app/api/db/users/route.tsx:18:59) : trace
2024-07-31 16:35:26 [SYSTEM ] [PID:54100] (app/api/db/users/route.tsx:19:59) : system
{"file":"Unknown","level":"error","message":"error sdf,hnsdjkfhsdf dsohjfok sdfoidhsjfoishjdfiosdhojkasjn ddkoasj  aojsudoisjudoais oaisjdoansioasd oasjndoasudoa oiasundasoibdv s oaisudbnoasudaiovu oaisudnvoaisubdn oas ","meta":"{}","pid":54100,"timestamp":"2024-07-31 16:35:54"}
{"file":"Unknown","level":"warn","message":"warn","meta":"{}","pid":54100,"timestamp":"2024-07-31 16:35:54"}
{"file":"Unknown","level":"info","message":"Info","meta":"{}","pid":54100,"timestamp":"2024-07-31 16:35:54"}
{"file":"Unknown","level":"http","message":"http","meta":"{}","pid":54100,"timestamp":"2024-07-31 16:35:54"}
{"file":"Unknown","level":"verbose","message":"verbose","meta":"{}","pid":54100,"timestamp":"2024-07-31 16:35:54"}
{"file":"Unknown","level":"debug","message":"debug","meta":"{}","pid":54100,"timestamp":"2024-07-31 16:35:54"}
{"file":"Unknown","level":"trace","message":"trace","meta":"{}","pid":54100,"timestamp":"2024-07-31 16:35:54"}
{"file":"Unknown","level":"system","message":"system","meta":"{}","pid":54100,"timestamp":"2024-07-31 16:35:54"}
{"file":"Unknown","level":"error","message":"error sdf,hnsdjkfhsdf dsohjfok sdfoidhsjfoishjdfiosdhojkasjn ddkoasj  aojsudoisjudoais oaisjdoansioasd oasjndoasudoa oiasundasoibdv s oaisudbnoasudaiovu oaisudnvoaisubdn oas ","meta":"{}","pid":54100,"timestamp":"2024-07-31 16:35:54"}
{"file":"Unknown","level":"warn","message":"warn","meta":"{}","pid":54100,"timestamp":"2024-07-31 16:35:54"}
{"file":"Unknown","level":"info","message":"Info","meta":"{}","pid":54100,"timestamp":"2024-07-31 16:35:54"}
{"file":"Unknown","level":"http","message":"http","meta":"{}","pid":54100,"timestamp":"2024-07-31 16:35:54"}
{"file":"Unknown","level":"verbose","message":"verbose","meta":"{}","pid":54100,"timestamp":"2024-07-31 16:35:54"}
{"file":"Unknown","level":"debug","message":"debug","meta":"{}","pid":54100,"timestamp":"2024-07-31 16:35:54"}
{"file":"Unknown","level":"trace","message":"trace","meta":"{}","pid":54100,"timestamp":"2024-07-31 16:35:54"}
{"file":"Unknown","level":"system","message":"system","meta":"{}","pid":54100,"timestamp":"2024-07-31 16:35:54"}
{"file":"Unknown","level":"error","message":"error sdf,hnsdjkfhsdf dsohjfok sdfoidhsjfoishjdfiosdhojkasjn ddkoasj  aojsudoisjudoais oaisjdoansioasd oasjndoasudoa oiasundasoibdv s oaisudbnoasudaiovu oaisudnvoaisubdn oas ","meta":"{}","pid":54100,"timestamp":"2024-07-31 16:36:33"}
{"file":"Unknown","level":"warn","message":"warn","meta":"{}","pid":54100,"timestamp":"2024-07-31 16:36:33"}
{"file":"Unknown","level":"info","message":"Info","meta":"{}","pid":54100,"timestamp":"2024-07-31 16:36:33"}
{"file":"Unknown","level":"http","message":"http","meta":"{}","pid":54100,"timestamp":"2024-07-31 16:36:33"}
{"file":"Unknown","level":"verbose","message":"verbose","meta":"{}","pid":54100,"timestamp":"2024-07-31 16:36:33"}
{"file":"Unknown","level":"debug","message":"debug","meta":"{}","pid":54100,"timestamp":"2024-07-31 16:36:33"}
{"file":"Unknown","level":"trace","message":"trace","meta":"{}","pid":54100,"timestamp":"2024-07-31 16:36:33"}
{"file":"Unknown","level":"system","message":"system","meta":"{}","pid":54100,"timestamp":"2024-07-31 16:36:33"}
{"file":"Unknown","level":"error","message":"error sdf,hnsdjkfhsdf dsohjfok sdfoidhsjfoishjdfiosdhojkasjn ddkoasj  aojsudoisjudoais oaisjdoansioasd oasjndoasudoa oiasundasoibdv s oaisudbnoasudaiovu oaisudnvoaisubdn oas ","meta":"{}","pid":54100,"timestamp":"2024-07-31 16:36:33"}
{"file":"Unknown","level":"warn","message":"warn","meta":"{}","pid":54100,"timestamp":"2024-07-31 16:36:33"}
{"file":"Unknown","level":"info","message":"Info","meta":"{}","pid":54100,"timestamp":"2024-07-31 16:36:33"}
{"file":"Unknown","level":"http","message":"http","meta":"{}","pid":54100,"timestamp":"2024-07-31 16:36:33"}
{"file":"Unknown","level":"verbose","message":"verbose","meta":"{}","pid":54100,"timestamp":"2024-07-31 16:36:33"}
{"file":"Unknown","level":"debug","message":"debug","meta":"{}","pid":54100,"timestamp":"2024-07-31 16:36:33"}
{"file":"Unknown","level":"trace","message":"trace","meta":"{}","pid":54100,"timestamp":"2024-07-31 16:36:33"}
{"file":"Unknown","level":"system","message":"system","meta":"{}","pid":54100,"timestamp":"2024-07-31 16:36:33"}
{"file":"Unknown","level":"error","message":"error sdf,hnsdjkfhsdf dsohjfok sdfoidhsjfoishjdfiosdhojkasjn ddkoasj  aojsudoisjudoais oaisjdoansioasd oasjndoasudoa oiasundasoibdv s oaisudbnoasudaiovu oaisudnvoaisubdn oas ","meta":"{}","pid":54100,"timestamp":"2024-07-31 16:38:53"}
{"file":"Unknown","level":"warn","message":"warn","meta":"{}","pid":54100,"timestamp":"2024-07-31 16:38:53"}
{"file":"Unknown","level":"info","message":"Info","meta":"{}","pid":54100,"timestamp":"2024-07-31 16:38:53"}
{"file":"Unknown","level":"http","message":"http","meta":"{}","pid":54100,"timestamp":"2024-07-31 16:38:53"}
{"file":"Unknown","level":"verbose","message":"verbose","meta":"{}","pid":54100,"timestamp":"2024-07-31 16:38:53"}
{"file":"Unknown","level":"debug","message":"debug","meta":"{}","pid":54100,"timestamp":"2024-07-31 16:38:53"}
{"file":"Unknown","level":"trace","message":"trace","meta":"{}","pid":54100,"timestamp":"2024-07-31 16:38:53"}
{"file":"Unknown","level":"system","message":"system","meta":"{}","pid":54100,"timestamp":"2024-07-31 16:38:53"}
{"file":"Unknown","level":"error","message":"error sdf,hnsdjkfhsdf dsohjfok sdfoidhsjfoishjdfiosdhojkasjn ddkoasj  aojsudoisjudoais oaisjdoansioasd oasjndoasudoa oiasundasoibdv s oaisudbnoasudaiovu oaisudnvoaisubdn oas ","meta":"{}","pid":54100,"timestamp":"2024-07-31 16:38:53"}
{"file":"Unknown","level":"warn","message":"warn","meta":"{}","pid":54100,"timestamp":"2024-07-31 16:38:53"}
{"file":"Unknown","level":"info","message":"Info","meta":"{}","pid":54100,"timestamp":"2024-07-31 16:38:53"}
{"file":"Unknown","level":"http","message":"http","meta":"{}","pid":54100,"timestamp":"2024-07-31 16:38:53"}
{"file":"Unknown","level":"verbose","message":"verbose","meta":"{}","pid":54100,"timestamp":"2024-07-31 16:38:53"}
{"file":"Unknown","level":"debug","message":"debug","meta":"{}","pid":54100,"timestamp":"2024-07-31 16:38:53"}
{"file":"Unknown","level":"trace","message":"trace","meta":"{}","pid":54100,"timestamp":"2024-07-31 16:38:53"}
{"file":"Unknown","level":"system","message":"system","meta":"{}","pid":54100,"timestamp":"2024-07-31 16:38:53"}
{"file":"Unknown","level":"error","message":"error sdf,hnsdjkfhsdf dsohjfok sdfoidhsjfoishjdfiosdhojkasjn ddkoasj  aojsudoisjudoais oaisjdoansioasd oasjndoasudoa oiasundasoibdv s oaisudbnoasudaiovu oaisudnvoaisubdn oas ","meta":"{}","pid":54100,"timestamp":"2024-07-31 16:39:06"}
{"file":"Unknown","level":"warn","message":"warn","meta":"{}","pid":54100,"timestamp":"2024-07-31 16:39:06"}
{"file":"Unknown","level":"info","message":"Info","meta":"{}","pid":54100,"timestamp":"2024-07-31 16:39:06"}
{"file":"Unknown","level":"http","message":"http","meta":"{}","pid":54100,"timestamp":"2024-07-31 16:39:06"}
{"file":"Unknown","level":"verbose","message":"verbose","meta":"{}","pid":54100,"timestamp":"2024-07-31 16:39:06"}
{"file":"Unknown","level":"debug","message":"debug","meta":"{}","pid":54100,"timestamp":"2024-07-31 16:39:06"}
{"file":"Unknown","level":"trace","message":"trace","meta":"{}","pid":54100,"timestamp":"2024-07-31 16:39:06"}
{"file":"Unknown","level":"system","message":"system","meta":"{}","pid":54100,"timestamp":"2024-07-31 16:39:06"}
{"file":"Unknown","level":"error","message":"error sdf,hnsdjkfhsdf dsohjfok sdfoidhsjfoishjdfiosdhojkasjn ddkoasj  aojsudoisjudoais oaisjdoansioasd oasjndoasudoa oiasundasoibdv s oaisudbnoasudaiovu oaisudnvoaisubdn oas ","meta":"{}","pid":54100,"timestamp":"2024-07-31 16:39:06"}
{"file":"Unknown","level":"warn","message":"warn","meta":"{}","pid":54100,"timestamp":"2024-07-31 16:39:06"}
{"file":"Unknown","level":"info","message":"Info","meta":"{}","pid":54100,"timestamp":"2024-07-31 16:39:06"}
{"file":"Unknown","level":"http","message":"http","meta":"{}","pid":54100,"timestamp":"2024-07-31 16:39:06"}
{"file":"Unknown","level":"verbose","message":"verbose","meta":"{}","pid":54100,"timestamp":"2024-07-31 16:39:06"}
{"file":"Unknown","level":"debug","message":"debug","meta":"{}","pid":54100,"timestamp":"2024-07-31 16:39:06"}
{"file":"Unknown","level":"trace","message":"trace","meta":"{}","pid":54100,"timestamp":"2024-07-31 16:39:06"}
{"file":"Unknown","level":"system","message":"system","meta":"{}","pid":54100,"timestamp":"2024-07-31 16:39:06"}
{"file":"app/api/db/users/route.tsx:12:59","level":"error","message":"error sdf,hnsdjkfhsdf dsohjfok sdfoidhsjfoishjdfiosdhojkasjn ddkoasj  aojsudoisjudoais oaisjdoansioasd oasjndoasudoa oiasundasoibdv s oaisudbnoasudaiovu oaisudnvoaisubdn oas ","meta":"{}","pid":54100,"timestamp":"2024-07-31 16:40:07"}
{"file":"app/api/db/users/route.tsx:13:59","level":"warn","message":"warn","meta":"{}","pid":54100,"timestamp":"2024-07-31 16:40:07"}
{"file":"app/api/db/users/route.tsx:14:59","level":"info","message":"Info","meta":"{}","pid":54100,"timestamp":"2024-07-31 16:40:07"}
{"file":"app/api/db/users/route.tsx:15:59","level":"http","message":"http","meta":"{}","pid":54100,"timestamp":"2024-07-31 16:40:07"}
{"file":"app/api/db/users/route.tsx:16:59","level":"verbose","message":"verbose","meta":"{}","pid":54100,"timestamp":"2024-07-31 16:40:07"}
{"file":"app/api/db/users/route.tsx:17:59","level":"debug","message":"debug","meta":"{}","pid":54100,"timestamp":"2024-07-31 16:40:07"}
{"file":"app/api/db/users/route.tsx:18:59","level":"trace","message":"trace","meta":"{}","pid":54100,"timestamp":"2024-07-31 16:40:07"}
{"file":"app/api/db/users/route.tsx:19:59","level":"system","message":"system","meta":"{}","pid":54100,"timestamp":"2024-07-31 16:40:07"}
{"file":"app/api/db/users/route.tsx:12:59","level":"error","message":"error sdf,hnsdjkfhsdf dsohjfok sdfoidhsjfoishjdfiosdhojkasjn ddkoasj  aojsudoisjudoais oaisjdoansioasd oasjndoasudoa oiasundasoibdv s oaisudbnoasudaiovu oaisudnvoaisubdn oas ","meta":"{}","pid":54100,"timestamp":"2024-07-31 16:40:07"}
{"file":"app/api/db/users/route.tsx:13:59","level":"warn","message":"warn","meta":"{}","pid":54100,"timestamp":"2024-07-31 16:40:07"}
{"file":"app/api/db/users/route.tsx:14:59","level":"info","message":"Info","meta":"{}","pid":54100,"timestamp":"2024-07-31 16:40:07"}
{"file":"app/api/db/users/route.tsx:15:59","level":"http","message":"http","meta":"{}","pid":54100,"timestamp":"2024-07-31 16:40:07"}
{"file":"app/api/db/users/route.tsx:16:59","level":"verbose","message":"verbose","meta":"{}","pid":54100,"timestamp":"2024-07-31 16:40:07"}
{"file":"app/api/db/users/route.tsx:17:59","level":"debug","message":"debug","meta":"{}","pid":54100,"timestamp":"2024-07-31 16:40:07"}
{"file":"app/api/db/users/route.tsx:18:59","level":"trace","message":"trace","meta":"{}","pid":54100,"timestamp":"2024-07-31 16:40:07"}
{"file":"app/api/db/users/route.tsx:19:59","level":"system","message":"system","meta":"{}","pid":54100,"timestamp":"2024-07-31 16:40:07"}
2024-07-31 16:40:30 [ERROR  ] [PID:54100] (app/api/db/users/route.tsx:12:59) : error sdf,hnsdjkfhsdf dsohjfok sdfoidhsjfoishjdfiosdhojkasjn ddkoasj  aojsudoisjudoais oaisjdoansioasd oasjndoasudoa oiasundasoibdv s oaisudbnoasudaiovu oaisudnvoaisubdn oas 
2024-07-31 16:40:30 [WARN   ] [PID:54100] (app/api/db/users/route.tsx:13:59) : warn
2024-07-31 16:40:30 [INFO   ] [PID:54100] (app/api/db/users/route.tsx:14:59) : Info
2024-07-31 16:40:30 [HTTP   ] [PID:54100] (app/api/db/users/route.tsx:15:59) : http
2024-07-31 16:40:30 [VERBOSE] [PID:54100] (app/api/db/users/route.tsx:16:59) : verbose
2024-07-31 16:40:30 [DEBUG  ] [PID:54100] (app/api/db/users/route.tsx:17:59) : debug
2024-07-31 16:40:30 [TRACE  ] [PID:54100] (app/api/db/users/route.tsx:18:59) : trace
2024-07-31 16:40:30 [SYSTEM ] [PID:54100] (app/api/db/users/route.tsx:19:59) : system
2024-07-31 16:40:30 [ERROR  ] [PID:54100] (app/api/db/users/route.tsx:12:59) : error sdf,hnsdjkfhsdf dsohjfok sdfoidhsjfoishjdfiosdhojkasjn ddkoasj  aojsudoisjudoais oaisjdoansioasd oasjndoasudoa oiasundasoibdv s oaisudbnoasudaiovu oaisudnvoaisubdn oas 
2024-07-31 16:40:30 [WARN   ] [PID:54100] (app/api/db/users/route.tsx:13:59) : warn
2024-07-31 16:40:30 [INFO   ] [PID:54100] (app/api/db/users/route.tsx:14:59) : Info
2024-07-31 16:40:30 [HTTP   ] [PID:54100] (app/api/db/users/route.tsx:15:59) : http
2024-07-31 16:40:30 [VERBOSE] [PID:54100] (app/api/db/users/route.tsx:16:59) : verbose
2024-07-31 16:40:30 [DEBUG  ] [PID:54100] (app/api/db/users/route.tsx:17:59) : debug
2024-07-31 16:40:30 [TRACE  ] [PID:54100] (app/api/db/users/route.tsx:18:59) : trace
2024-07-31 16:40:30 [SYSTEM ] [PID:54100] (app/api/db/users/route.tsx:19:59) : system
2024-07-31 16:40:44 [ERROR  ] [PID:54100] (app/api/db/users/route.tsx:12:59) : error sdf,hnsdjkfhsdf dsohjfok sdfoidhsjfoishjdfiosdhojkasjn ddkoasj  aojsudoisjudoais oaisjdoansioasd oasjndoasudoa oiasundasoibdv s oaisudbnoasudaiovu oaisudnvoaisubdn oas 
2024-07-31 16:40:44 [WARN   ] [PID:54100] (app/api/db/users/route.tsx:13:59) : warn
2024-07-31 16:40:44 [INFO   ] [PID:54100] (app/api/db/users/route.tsx:14:59) : Info
2024-07-31 16:40:44 [HTTP   ] [PID:54100] (app/api/db/users/route.tsx:15:59) : http
2024-07-31 16:40:44 [VERBOSE] [PID:54100] (app/api/db/users/route.tsx:16:59) : verbose
2024-07-31 16:40:44 [DEBUG  ] [PID:54100] (app/api/db/users/route.tsx:17:59) : debug
2024-07-31 16:40:44 [TRACE  ] [PID:54100] (app/api/db/users/route.tsx:18:59) : trace
2024-07-31 16:40:44 [SYSTEM ] [PID:54100] (app/api/db/users/route.tsx:19:59) : system
2024-07-31 16:40:44 [ERROR  ] [PID:54100] (app/api/db/users/route.tsx:12:59) : error sdf,hnsdjkfhsdf dsohjfok sdfoidhsjfoishjdfiosdhojkasjn ddkoasj  aojsudoisjudoais oaisjdoansioasd oasjndoasudoa oiasundasoibdv s oaisudbnoasudaiovu oaisudnvoaisubdn oas 
2024-07-31 16:40:44 [WARN   ] [PID:54100] (app/api/db/users/route.tsx:13:59) : warn
2024-07-31 16:40:44 [INFO   ] [PID:54100] (app/api/db/users/route.tsx:14:59) : Info
2024-07-31 16:40:44 [HTTP   ] [PID:54100] (app/api/db/users/route.tsx:15:59) : http
2024-07-31 16:40:44 [VERBOSE] [PID:54100] (app/api/db/users/route.tsx:16:59) : verbose
2024-07-31 16:40:44 [DEBUG  ] [PID:54100] (app/api/db/users/route.tsx:17:59) : debug
2024-07-31 16:40:44 [TRACE  ] [PID:54100] (app/api/db/users/route.tsx:18:59) : trace
2024-07-31 16:40:44 [SYSTEM ] [PID:54100] (app/api/db/users/route.tsx:19:59) : system
2024-07-31 16:41:01 [ERROR  ] [PID:54100] (app/api/db/users/route.tsx:12:59) : error sdf,hnsdjkfhsdf dsohjfok sdfoidhsjfoishjdfiosdhojkasjn ddkoasj  aojsudoisjudoais oaisjdoansioasd oasjndoasudoa oiasundasoibdv s oaisudbnoasudaiovu oaisudnvoaisubdn oas 
2024-07-31 16:41:01 [WARN   ] [PID:54100] (app/api/db/users/route.tsx:13:59) : warn
2024-07-31 16:41:01 [INFO   ] [PID:54100] (app/api/db/users/route.tsx:14:59) : Info
2024-07-31 16:41:01 [HTTP   ] [PID:54100] (app/api/db/users/route.tsx:15:59) : http
2024-07-31 16:41:01 [VERBOSE] [PID:54100] (app/api/db/users/route.tsx:16:59) : verbose
2024-07-31 16:41:01 [DEBUG  ] [PID:54100] (app/api/db/users/route.tsx:17:59) : debug
2024-07-31 16:41:01 [TRACE  ] [PID:54100] (app/api/db/users/route.tsx:18:59) : trace
2024-07-31 16:41:01 [SYSTEM ] [PID:54100] (app/api/db/users/route.tsx:19:59) : system
2024-07-31 16:41:01 [ERROR  ] [PID:54100] (app/api/db/users/route.tsx:12:59) : error sdf,hnsdjkfhsdf dsohjfok sdfoidhsjfoishjdfiosdhojkasjn ddkoasj  aojsudoisjudoais oaisjdoansioasd oasjndoasudoa oiasundasoibdv s oaisudbnoasudaiovu oaisudnvoaisubdn oas 
2024-07-31 16:41:01 [WARN   ] [PID:54100] (app/api/db/users/route.tsx:13:59) : warn
2024-07-31 16:41:01 [INFO   ] [PID:54100] (app/api/db/users/route.tsx:14:59) : Info
2024-07-31 16:41:01 [HTTP   ] [PID:54100] (app/api/db/users/route.tsx:15:59) : http
2024-07-31 16:41:01 [VERBOSE] [PID:54100] (app/api/db/users/route.tsx:16:59) : verbose
2024-07-31 16:41:01 [DEBUG  ] [PID:54100] (app/api/db/users/route.tsx:17:59) : debug
2024-07-31 16:41:01 [TRACE  ] [PID:54100] (app/api/db/users/route.tsx:18:59) : trace
2024-07-31 16:41:01 [SYSTEM ] [PID:54100] (app/api/db/users/route.tsx:19:59) : system
2024-07-31 16:41:13 [ERROR  ] [PID:54100] (app/api/db/users/route.tsx:12:59) : error sdf,hnsdjkfhsdf dsohjfok sdfoidhsjfoishjdfiosdhojkasjn ddkoasj  aojsudoisjudoais oaisjdoansioasd oasjndoasudoa oiasundasoibdv s oaisudbnoasudaiovu oaisudnvoaisubdn oas 
2024-07-31 16:41:13 [WARN   ] [PID:54100] (app/api/db/users/route.tsx:13:59) : warn
2024-07-31 16:41:13 [INFO   ] [PID:54100] (app/api/db/users/route.tsx:14:59) : Info
2024-07-31 16:41:13 [HTTP   ] [PID:54100] (app/api/db/users/route.tsx:15:59) : http
2024-07-31 16:41:13 [VERBOSE] [PID:54100] (app/api/db/users/route.tsx:16:59) : verbose
2024-07-31 16:41:13 [DEBUG  ] [PID:54100] (app/api/db/users/route.tsx:17:59) : debug
2024-07-31 16:41:13 [TRACE  ] [PID:54100] (app/api/db/users/route.tsx:18:59) : trace
2024-07-31 16:41:13 [SYSTEM ] [PID:54100] (app/api/db/users/route.tsx:19:59) : system
2024-07-31 16:41:13 [ERROR  ] [PID:54100] (app/api/db/users/route.tsx:12:59) : error sdf,hnsdjkfhsdf dsohjfok sdfoidhsjfoishjdfiosdhojkasjn ddkoasj  aojsudoisjudoais oaisjdoansioasd oasjndoasudoa oiasundasoibdv s oaisudbnoasudaiovu oaisudnvoaisubdn oas 
2024-07-31 16:41:13 [WARN   ] [PID:54100] (app/api/db/users/route.tsx:13:59) : warn
2024-07-31 16:41:13 [INFO   ] [PID:54100] (app/api/db/users/route.tsx:14:59) : Info
2024-07-31 16:41:13 [HTTP   ] [PID:54100] (app/api/db/users/route.tsx:15:59) : http
2024-07-31 16:41:13 [VERBOSE] [PID:54100] (app/api/db/users/route.tsx:16:59) : verbose
2024-07-31 16:41:13 [DEBUG  ] [PID:54100] (app/api/db/users/route.tsx:17:59) : debug
2024-07-31 16:41:13 [TRACE  ] [PID:54100] (app/api/db/users/route.tsx:18:59) : trace
2024-07-31 16:41:13 [SYSTEM ] [PID:54100] (app/api/db/users/route.tsx:19:59) : system
