2024-07-31 16:23:53 [ERROR  ] [PID:54100] (app/api/db/users/route.tsx:12:59) : error sdf,hnsdjkfhsdf dsohjfok sdfoidhsjfoishjdfiosdhojkasjn ddkoasj  aojsudoisjudoais oaisjdoansioasd oasjndoasudoa oiasundasoibdv s oaisudbnoasudaiovu oaisudnvoaisubdn oas 
2024-07-31 16:23:53 [ERROR  ] [PID:54100] (app/api/db/users/route.tsx:12:59) : error sdf,hnsdjkfhsdf dsohjfok sdfoidhsjfoishjdfiosdhojkasjn ddkoasj  aojsudoisjudoais oaisjdoansioasd oasjndoasudoa oiasundasoibdv s oaisudbnoasudaiovu oaisudnvoaisubdn oas 
2024-07-31 16:24:08 [ERROR  ] [PID:54100] (app/api/db/users/route.tsx:12:59) : error sdf,hnsdjkfhsdf dsohjfok sdfoidhsjfoishjdfiosdhojkasjn ddkoasj  aojsudoisjudoais oaisjdoansioasd oasjndoasudoa oiasundasoibdv s oaisudbnoasudaiovu oaisudnvoaisubdn oas 
2024-07-31 16:24:08 [ERROR  ] [PID:54100] (app/api/db/users/route.tsx:12:59) : error sdf,hnsdjkfhsdf dsohjfok sdfoidhsjfoishjdfiosdhojkasjn ddkoasj  aojsudoisjudoais oaisjdoansioasd oasjndoasudoa oiasundasoibdv s oaisudbnoasudaiovu oaisudnvoaisubdn oas 
{"level":"error","message":"error sdf,hnsdjkfhsdf dsohjfok sdfoidhsjfoishjdfiosdhojkasjn ddkoasj  aojsudoisjudoais oaisjdoansioasd oasjndoasudoa oiasundasoibdv s oaisudbnoasudaiovu oaisudnvoaisubdn oas "}
{"level":"error","message":"error sdf,hnsdjkfhsdf dsohjfok sdfoidhsjfoishjdfiosdhojkasjn ddkoasj  aojsudoisjudoais oaisjdoansioasd oasjndoasudoa oiasundasoibdv s oaisudbnoasudaiovu oaisudnvoaisubdn oas "}
{"level":"error","message":"{\"timestamp\":\"2024-07-31 16:26:02\",\"level\":\"ERROR  \",\"message\":\"error sdf,hnsdjkfhsdf dsohjfok sdfoidhsjfoishjdfiosdhojkasjn ddkoasj  aojsudoisjudoais oaisjdoansioasd oasjndoasudoa oiasundasoibdv s oaisudbnoasudaiovu oaisudnvoaisubdn oas \",\"pid\":54100,\"caller\":\"Unknown\"}","metadata":{},"timestamp":"2024-07-31 16:26:02"}
{"level":"error","message":"{\"timestamp\":\"2024-07-31 16:26:02\",\"level\":\"ERROR  \",\"message\":\"error sdf,hnsdjkfhsdf dsohjfok sdfoidhsjfoishjdfiosdhojkasjn ddkoasj  aojsudoisjudoais oaisjdoansioasd oasjndoasudoa oiasundasoibdv s oaisudbnoasudaiovu oaisudnvoaisubdn oas \",\"pid\":54100,\"caller\":\"Unknown\"}","metadata":{},"timestamp":"2024-07-31 16:26:02"}
{"level":"error","message":"{\"timestamp\":\"2024-07-31 16:27:48\",\"level\":\"ERROR  \",\"message\":\"error sdf,hnsdjkfhsdf dsohjfok sdfoidhsjfoishjdfiosdhojkasjn ddkoasj  aojsudoisjudoais oaisjdoansioasd oasjndoasudoa oiasundasoibdv s oaisudbnoasudaiovu oaisudnvoaisubdn oas \"}","timestamp":"2024-07-31 16:27:48"}
{"level":"error","message":"{\"timestamp\":\"2024-07-31 16:27:48\",\"level\":\"ERROR  \",\"message\":\"error sdf,hnsdjkfhsdf dsohjfok sdfoidhsjfoishjdfiosdhojkasjn ddkoasj  aojsudoisjudoais oaisjdoansioasd oasjndoasudoa oiasundasoibdv s oaisudbnoasudaiovu oaisudnvoaisubdn oas \"}","timestamp":"2024-07-31 16:27:48"}
{"level":"error","message":"{\"timestamp\":\"2024-07-31 16:29:00\",\"message\":\"error sdf,hnsdjkfhsdf dsohjfok sdfoidhsjfoishjdfiosdhojkasjn ddkoasj  aojsudoisjudoais oaisjdoansioasd oasjndoasudoa oiasundasoibdv s oaisudbnoasudaiovu oaisudnvoaisubdn oas \"}","timestamp":"2024-07-31 16:29:00"}
{"level":"error","message":"{\"timestamp\":\"2024-07-31 16:29:00\",\"message\":\"error sdf,hnsdjkfhsdf dsohjfok sdfoidhsjfoishjdfiosdhojkasjn ddkoasj  aojsudoisjudoais oaisjdoansioasd oasjndoasudoa oiasundasoibdv s oaisudbnoasudaiovu oaisudnvoaisubdn oas \"}","timestamp":"2024-07-31 16:29:00"}
{"ivan":"ivan","level":"error","message":"{\"timestamp\":\"2024-07-31 16:30:04\",\"message\":\"error sdf,hnsdjkfhsdf dsohjfok sdfoidhsjfoishjdfiosdhojkasjn ddkoasj  aojsudoisjudoais oaisjdoansioasd oasjndoasudoa oiasundasoibdv s oaisudbnoasudaiovu oaisudnvoaisubdn oas \"}","timestamp":"2024-07-31 16:30:04"}
{"ivan":"ivan","level":"error","message":"{\"timestamp\":\"2024-07-31 16:30:04\",\"message\":\"error sdf,hnsdjkfhsdf dsohjfok sdfoidhsjfoishjdfiosdhojkasjn ddkoasj  aojsudoisjudoais oaisjdoansioasd oasjndoasudoa oiasundasoibdv s oaisudbnoasudaiovu oaisudnvoaisubdn oas \"}","timestamp":"2024-07-31 16:30:04"}
{"level":"error","message":"error sdf,hnsdjkfhsdf dsohjfok sdfoidhsjfoishjdfiosdhojkasjn ddkoasj  aojsudoisjudoais oaisjdoansioasd oasjndoasudoa oiasundasoibdv s oaisudbnoasudaiovu oaisudnvoaisubdn oas ","meta":"{}","timestamp":"2024-07-31 16:31:19"}
{"level":"error","message":"error sdf,hnsdjkfhsdf dsohjfok sdfoidhsjfoishjdfiosdhojkasjn ddkoasj  aojsudoisjudoais oaisjdoansioasd oasjndoasudoa oiasundasoibdv s oaisudbnoasudaiovu oaisudnvoaisubdn oas ","meta":"{}","timestamp":"2024-07-31 16:31:19"}
{"file":"Unknown","level":"error","message":"error sdf,hnsdjkfhsdf dsohjfok sdfoidhsjfoishjdfiosdhojkasjn ddkoasj  aojsudoisjudoais oaisjdoansioasd oasjndoasudoa oiasundasoibdv s oaisudbnoasudaiovu oaisudnvoaisubdn oas ","meta":"{\"metadata\":{}}","metadata":{},"pid":54100,"timestamp":"2024-07-31 16:33:23"}
{"file":"Unknown","level":"error","message":"error sdf,hnsdjkfhsdf dsohjfok sdfoidhsjfoishjdfiosdhojkasjn ddkoasj  aojsudoisjudoais oaisjdoansioasd oasjndoasudoa oiasundasoibdv s oaisudbnoasudaiovu oaisudnvoaisubdn oas ","meta":"{\"metadata\":{}}","metadata":{},"pid":54100,"timestamp":"2024-07-31 16:33:23"}
{"file":"Unknown","level":"error","message":"error sdf,hnsdjkfhsdf dsohjfok sdfoidhsjfoishjdfiosdhojkasjn ddkoasj  aojsudoisjudoais oaisjdoansioasd oasjndoasudoa oiasundasoibdv s oaisudbnoasudaiovu oaisudnvoaisubdn oas ","meta":"{}","pid":54100,"timestamp":"2024-07-31 16:34:55"}
{"file":"Unknown","level":"error","message":"error sdf,hnsdjkfhsdf dsohjfok sdfoidhsjfoishjdfiosdhojkasjn ddkoasj  aojsudoisjudoais oaisjdoansioasd oasjndoasudoa oiasundasoibdv s oaisudbnoasudaiovu oaisudnvoaisubdn oas ","meta":"{}","pid":54100,"timestamp":"2024-07-31 16:34:55"}
2024-07-31 16:35:26 [ERROR  ] [PID:54100] (app/api/db/users/route.tsx:12:59) : error sdf,hnsdjkfhsdf dsohjfok sdfoidhsjfoishjdfiosdhojkasjn ddkoasj  aojsudoisjudoais oaisjdoansioasd oasjndoasudoa oiasundasoibdv s oaisudbnoasudaiovu oaisudnvoaisubdn oas 
2024-07-31 16:35:26 [ERROR  ] [PID:54100] (app/api/db/users/route.tsx:12:59) : error sdf,hnsdjkfhsdf dsohjfok sdfoidhsjfoishjdfiosdhojkasjn ddkoasj  aojsudoisjudoais oaisjdoansioasd oasjndoasudoa oiasundasoibdv s oaisudbnoasudaiovu oaisudnvoaisubdn oas 
{"file":"Unknown","level":"error","message":"error sdf,hnsdjkfhsdf dsohjfok sdfoidhsjfoishjdfiosdhojkasjn ddkoasj  aojsudoisjudoais oaisjdoansioasd oasjndoasudoa oiasundasoibdv s oaisudbnoasudaiovu oaisudnvoaisubdn oas ","meta":"{}","pid":54100,"timestamp":"2024-07-31 16:35:54"}
{"file":"Unknown","level":"error","message":"error sdf,hnsdjkfhsdf dsohjfok sdfoidhsjfoishjdfiosdhojkasjn ddkoasj  aojsudoisjudoais oaisjdoansioasd oasjndoasudoa oiasundasoibdv s oaisudbnoasudaiovu oaisudnvoaisubdn oas ","meta":"{}","pid":54100,"timestamp":"2024-07-31 16:35:54"}
{"file":"Unknown","level":"error","message":"error sdf,hnsdjkfhsdf dsohjfok sdfoidhsjfoishjdfiosdhojkasjn ddkoasj  aojsudoisjudoais oaisjdoansioasd oasjndoasudoa oiasundasoibdv s oaisudbnoasudaiovu oaisudnvoaisubdn oas ","meta":"{}","pid":54100,"timestamp":"2024-07-31 16:36:33"}
{"file":"Unknown","level":"error","message":"error sdf,hnsdjkfhsdf dsohjfok sdfoidhsjfoishjdfiosdhojkasjn ddkoasj  aojsudoisjudoais oaisjdoansioasd oasjndoasudoa oiasundasoibdv s oaisudbnoasudaiovu oaisudnvoaisubdn oas ","meta":"{}","pid":54100,"timestamp":"2024-07-31 16:36:33"}
{"file":"Unknown","level":"error","message":"error sdf,hnsdjkfhsdf dsohjfok sdfoidhsjfoishjdfiosdhojkasjn ddkoasj  aojsudoisjudoais oaisjdoansioasd oasjndoasudoa oiasundasoibdv s oaisudbnoasudaiovu oaisudnvoaisubdn oas ","meta":"{}","pid":54100,"timestamp":"2024-07-31 16:38:53"}
{"file":"Unknown","level":"error","message":"error sdf,hnsdjkfhsdf dsohjfok sdfoidhsjfoishjdfiosdhojkasjn ddkoasj  aojsudoisjudoais oaisjdoansioasd oasjndoasudoa oiasundasoibdv s oaisudbnoasudaiovu oaisudnvoaisubdn oas ","meta":"{}","pid":54100,"timestamp":"2024-07-31 16:38:53"}
{"file":"Unknown","level":"error","message":"error sdf,hnsdjkfhsdf dsohjfok sdfoidhsjfoishjdfiosdhojkasjn ddkoasj  aojsudoisjudoais oaisjdoansioasd oasjndoasudoa oiasundasoibdv s oaisudbnoasudaiovu oaisudnvoaisubdn oas ","meta":"{}","pid":54100,"timestamp":"2024-07-31 16:39:06"}
{"file":"Unknown","level":"error","message":"error sdf,hnsdjkfhsdf dsohjfok sdfoidhsjfoishjdfiosdhojkasjn ddkoasj  aojsudoisjudoais oaisjdoansioasd oasjndoasudoa oiasundasoibdv s oaisudbnoasudaiovu oaisudnvoaisubdn oas ","meta":"{}","pid":54100,"timestamp":"2024-07-31 16:39:06"}
{"file":"app/api/db/users/route.tsx:12:59","level":"error","message":"error sdf,hnsdjkfhsdf dsohjfok sdfoidhsjfoishjdfiosdhojkasjn ddkoasj  aojsudoisjudoais oaisjdoansioasd oasjndoasudoa oiasundasoibdv s oaisudbnoasudaiovu oaisudnvoaisubdn oas ","meta":"{}","pid":54100,"timestamp":"2024-07-31 16:40:07"}
{"file":"app/api/db/users/route.tsx:12:59","level":"error","message":"error sdf,hnsdjkfhsdf dsohjfok sdfoidhsjfoishjdfiosdhojkasjn ddkoasj  aojsudoisjudoais oaisjdoansioasd oasjndoasudoa oiasundasoibdv s oaisudbnoasudaiovu oaisudnvoaisubdn oas ","meta":"{}","pid":54100,"timestamp":"2024-07-31 16:40:07"}
2024-07-31 16:40:30 [ERROR  ] [PID:54100] (app/api/db/users/route.tsx:12:59) : error sdf,hnsdjkfhsdf dsohjfok sdfoidhsjfoishjdfiosdhojkasjn ddkoasj  aojsudoisjudoais oaisjdoansioasd oasjndoasudoa oiasundasoibdv s oaisudbnoasudaiovu oaisudnvoaisubdn oas 
2024-07-31 16:40:30 [ERROR  ] [PID:54100] (app/api/db/users/route.tsx:12:59) : error sdf,hnsdjkfhsdf dsohjfok sdfoidhsjfoishjdfiosdhojkasjn ddkoasj  aojsudoisjudoais oaisjdoansioasd oasjndoasudoa oiasundasoibdv s oaisudbnoasudaiovu oaisudnvoaisubdn oas 
2024-07-31 16:40:44 [ERROR  ] [PID:54100] (app/api/db/users/route.tsx:12:59) : error sdf,hnsdjkfhsdf dsohjfok sdfoidhsjfoishjdfiosdhojkasjn ddkoasj  aojsudoisjudoais oaisjdoansioasd oasjndoasudoa oiasundasoibdv s oaisudbnoasudaiovu oaisudnvoaisubdn oas 
2024-07-31 16:40:44 [ERROR  ] [PID:54100] (app/api/db/users/route.tsx:12:59) : error sdf,hnsdjkfhsdf dsohjfok sdfoidhsjfoishjdfiosdhojkasjn ddkoasj  aojsudoisjudoais oaisjdoansioasd oasjndoasudoa oiasundasoibdv s oaisudbnoasudaiovu oaisudnvoaisubdn oas 
2024-07-31 16:41:01 [ERROR  ] [PID:54100] (app/api/db/users/route.tsx:12:59) : error sdf,hnsdjkfhsdf dsohjfok sdfoidhsjfoishjdfiosdhojkasjn ddkoasj  aojsudoisjudoais oaisjdoansioasd oasjndoasudoa oiasundasoibdv s oaisudbnoasudaiovu oaisudnvoaisubdn oas 
2024-07-31 16:41:01 [ERROR  ] [PID:54100] (app/api/db/users/route.tsx:12:59) : error sdf,hnsdjkfhsdf dsohjfok sdfoidhsjfoishjdfiosdhojkasjn ddkoasj  aojsudoisjudoais oaisjdoansioasd oasjndoasudoa oiasundasoibdv s oaisudbnoasudaiovu oaisudnvoaisubdn oas 
2024-07-31 16:41:13 [ERROR  ] [PID:54100] (app/api/db/users/route.tsx:12:59) : error sdf,hnsdjkfhsdf dsohjfok sdfoidhsjfoishjdfiosdhojkasjn ddkoasj  aojsudoisjudoais oaisjdoansioasd oasjndoasudoa oiasundasoibdv s oaisudbnoasudaiovu oaisudnvoaisubdn oas 
2024-07-31 16:41:13 [ERROR  ] [PID:54100] (app/api/db/users/route.tsx:12:59) : error sdf,hnsdjkfhsdf dsohjfok sdfoidhsjfoishjdfiosdhojkasjn ddkoasj  aojsudoisjudoais oaisjdoansioasd oasjndoasudoa oiasundasoibdv s oaisudbnoasudaiovu oaisudnvoaisubdn oas 
